<?xml version="1.0" encoding="UTF-8"?>
<testng-results ignored="0" total="1" passed="1" failed="0" skipped="0">
  <reporter-output>
  </reporter-output>
  <suite started-at="2024-01-09T18:43:11 EST" name="Default suite" finished-at="2024-01-09T18:44:01 EST" duration-ms="49379">
    <groups>
    </groups>
    <test started-at="2024-01-09T18:43:11 EST" name="Default test" finished-at="2024-01-09T18:44:01 EST" duration-ms="49379">
      <class name="com.POM_Difficult_shoppingCart.TN_AddProducttoCartTest">
        <test-method is-config="true" signature="openBrowser()[pri:0, instance:com.POM_Difficult_shoppingCart.TN_AddProducttoCartTest@62379589]" started-at="2024-01-09T18:43:11 EST" name="openBrowser" finished-at="2024-01-09T18:43:55 EST" duration-ms="43675" status="PASS">
          <reporter-output>
          </reporter-output>
        </test-method> <!-- openBrowser -->
        <test-method signature="addProductinChart()[pri:0, instance:com.POM_Difficult_shoppingCart.TN_AddProducttoCartTest@62379589]" started-at="2024-01-09T18:43:55 EST" name="addProductinChart" finished-at="2024-01-09T18:44:00 EST" duration-ms="4616" status="PASS">
          <reporter-output>
          </reporter-output>
        </test-method> <!-- addProductinChart -->
        <test-method is-config="true" signature="closeBrowser()[pri:0, instance:com.POM_Difficult_shoppingCart.TN_AddProducttoCartTest@62379589]" started-at="2024-01-09T18:44:00 EST" name="closeBrowser" finished-at="2024-01-09T18:44:01 EST" duration-ms="996" status="PASS">
          <reporter-output>
          </reporter-output>
        </test-method> <!-- closeBrowser -->
      </class> <!-- com.POM_Difficult_shoppingCart.TN_AddProducttoCartTest -->
    </test> <!-- Default test -->
  </suite> <!-- Default suite -->
</testng-results>
